[2017-12-01 23:59:05] local.ERROR: exception 'PDOException' with message 'SQLSTATE[28000] [1045] Access denied for user 'forge'@'localhost' (using password: YES)' in /home/cabox/workspace/vendor/laravel/framework/src/Illuminate/Database/Connectors/Connector.php:55
Stack trace:
#0 /home/cabox/workspace/vendor/laravel/framework/src/Illuminate/Database/Connectors/Connector.php(55): PDO->__construct('mysql:host=127....', 'forge', 'secret', Array)
#1 /home/cabox/workspace/vendor/laravel/framework/src/Illuminate/Database/Connectors/MySqlConnector.php(24): Illuminate\Database\Connectors\Connector->createConnection('mysql:host=127....', Array, Array)
#2 /home/cabox/workspace/vendor/laravel/framework/src/Illuminate/Database/Connectors/ConnectionFactory.php(61): Illuminate\Database\Connectors\MySqlConnector->connect(Array)
#3 [internal function]: Illuminate\Database\Connectors\ConnectionFactory->Illuminate\Database\Connectors\{closure}()
#4 /home/cabox/workspace/vendor/laravel/framework/src/Illuminate/Database/Connection.php(846): call_user_func(Object(Closure))
#5 /home/cabox/workspace/vendor/laravel/framework/src/Illuminate/Database/Connection.php(714): Illuminate\Database\Connection->getPdo()
#6 /home/cabox/workspace/vendor/laravel/framework/src/Illuminate/Database/Connection.php(603): Illuminate\Database\Connection->reconnectIfMissingConnection()
#7 /home/cabox/workspace/vendor/laravel/framework/src/Illuminate/Database/Connection.php(324): Illuminate\Database\Connection->run('select * from i...', Array, Object(Closure))
#8 /home/cabox/workspace/vendor/laravel/framework/src/Illuminate/Database/Schema/MySqlBuilder.php(21): Illuminate\Database\Connection->select('select * from i...', Array)
#9 /home/cabox/workspace/vendor/laravel/framework/src/Illuminate/Database/Migrations/DatabaseMigrationRepository.php(141): Illuminate\Database\Schema\MySqlBuilder->hasTable('migrations')
#10 /home/cabox/workspace/vendor/laravel/framework/src/Illuminate/Database/Migrations/Migrator.php(405): Illuminate\Database\Migrations\DatabaseMigrationRepository->repositoryExists()
#11 /home/cabox/workspace/vendor/laravel/framework/src/Illuminate/Database/Console/Migrations/MigrateCommand.php(103): Illuminate\Database\Migrations\Migrator->repositoryExists()
#12 /home/cabox/workspace/vendor/laravel/framework/src/Illuminate/Database/Console/Migrations/MigrateCommand.php(58): Illuminate\Database\Console\Migrations\MigrateCommand->prepareDatabase()
#13 [internal function]: Illuminate\Database\Console\Migrations\MigrateCommand->fire()
#14 /home/cabox/workspace/vendor/laravel/framework/src/Illuminate/Container/Container.php(507): call_user_func_array(Array, Array)
#15 /home/cabox/workspace/vendor/laravel/framework/src/Illuminate/Console/Command.php(169): Illuminate\Container\Container->call(Array)
#16 /home/cabox/workspace/vendor/symfony/console/Command/Command.php(256): Illuminate\Console\Command->execute(Object(Symfony\Component\Console\Input\ArgvInput), Object(Symfony\Component\Console\Output\ConsoleOutput))
#17 /home/cabox/workspace/vendor/laravel/framework/src/Illuminate/Console/Command.php(155): Symfony\Component\Console\Command\Command->run(Object(Symfony\Component\Console\Input\ArgvInput), Object(Symfony\Component\Console\Output\ConsoleOutput))
#18 /home/cabox/workspace/vendor/symfony/console/Application.php(791): Illuminate\Console\Command->run(Object(Symfony\Component\Console\Input\ArgvInput), Object(Symfony\Component\Console\Output\ConsoleOutput))
#19 /home/cabox/workspace/vendor/symfony/console/Application.php(186): Symfony\Component\Console\Application->doRunCommand(Object(Illuminate\Database\Console\Migrations\MigrateCommand), Object(Symfony\Component\Console\Input\ArgvInput), Object(Symfony\Component\Console\Output\ConsoleOutput))
#20 /home/cabox/workspace/vendor/symfony/console/Application.php(117): Symfony\Component\Console\Application->doRun(Object(Symfony\Component\Console\Input\ArgvInput), Object(Symfony\Component\Console\Output\ConsoleOutput))
#21 /home/cabox/workspace/vendor/laravel/framework/src/Illuminate/Foundation/Console/Kernel.php(107): Symfony\Component\Console\Application->run(Object(Symfony\Component\Console\Input\ArgvInput), Object(Symfony\Component\Console\Output\ConsoleOutput))
#22 /home/cabox/workspace/artisan(36): Illuminate\Foundation\Console\Kernel->handle(Object(Symfony\Component\Console\Input\ArgvInput), Object(Symfony\Component\Console\Output\ConsoleOutput))
#23 {main}  
[2017-12-01 23:59:21] local.ERROR: exception 'PDOException' with message 'SQLSTATE[28000] [1045] Access denied for user 'forge'@'localhost' (using password: YES)' in /home/cabox/workspace/vendor/laravel/framework/src/Illuminate/Database/Connectors/Connector.php:55
Stack trace:
#0 /home/cabox/workspace/vendor/laravel/framework/src/Illuminate/Database/Connectors/Connector.php(55): PDO->__construct('mysql:host=127....', 'forge', 'secret', Array)
#1 /home/cabox/workspace/vendor/laravel/framework/src/Illuminate/Database/Connectors/MySqlConnector.php(24): Illuminate\Database\Connectors\Connector->createConnection('mysql:host=127....', Array, Array)
#2 /home/cabox/workspace/vendor/laravel/framework/src/Illuminate/Database/Connectors/ConnectionFactory.php(61): Illuminate\Database\Connectors\MySqlConnector->connect(Array)
#3 [internal function]: Illuminate\Database\Connectors\ConnectionFactory->Illuminate\Database\Connectors\{closure}()
#4 /home/cabox/workspace/vendor/laravel/framework/src/Illuminate/Database/Connection.php(846): call_user_func(Object(Closure))
#5 /home/cabox/workspace/vendor/laravel/framework/src/Illuminate/Database/Connection.php(714): Illuminate\Database\Connection->getPdo()
#6 /home/cabox/workspace/vendor/laravel/framework/src/Illuminate/Database/Connection.php(603): Illuminate\Database\Connection->reconnectIfMissingConnection()
#7 /home/cabox/workspace/vendor/laravel/framework/src/Illuminate/Database/Connection.php(324): Illuminate\Database\Connection->run('select * from i...', Array, Object(Closure))
#8 /home/cabox/workspace/vendor/laravel/framework/src/Illuminate/Database/Schema/MySqlBuilder.php(21): Illuminate\Database\Connection->select('select * from i...', Array)
#9 /home/cabox/workspace/vendor/laravel/framework/src/Illuminate/Database/Migrations/DatabaseMigrationRepository.php(141): Illuminate\Database\Schema\MySqlBuilder->hasTable('migrations')
#10 /home/cabox/workspace/vendor/laravel/framework/src/Illuminate/Database/Migrations/Migrator.php(405): Illuminate\Database\Migrations\DatabaseMigrationRepository->repositoryExists()
#11 /home/cabox/workspace/vendor/laravel/framework/src/Illuminate/Database/Console/Migrations/MigrateCommand.php(103): Illuminate\Database\Migrations\Migrator->repositoryExists()
#12 /home/cabox/workspace/vendor/laravel/framework/src/Illuminate/Database/Console/Migrations/MigrateCommand.php(58): Illuminate\Database\Console\Migrations\MigrateCommand->prepareDatabase()
#13 [internal function]: Illuminate\Database\Console\Migrations\MigrateCommand->fire()
#14 /home/cabox/workspace/vendor/laravel/framework/src/Illuminate/Container/Container.php(507): call_user_func_array(Array, Array)
#15 /home/cabox/workspace/vendor/laravel/framework/src/Illuminate/Console/Command.php(169): Illuminate\Container\Container->call(Array)
#16 /home/cabox/workspace/vendor/symfony/console/Command/Command.php(256): Illuminate\Console\Command->execute(Object(Symfony\Component\Console\Input\ArgvInput), Object(Symfony\Component\Console\Output\ConsoleOutput))
#17 /home/cabox/workspace/vendor/laravel/framework/src/Illuminate/Console/Command.php(155): Symfony\Component\Console\Command\Command->run(Object(Symfony\Component\Console\Input\ArgvInput), Object(Symfony\Component\Console\Output\ConsoleOutput))
#18 /home/cabox/workspace/vendor/symfony/console/Application.php(791): Illuminate\Console\Command->run(Object(Symfony\Component\Console\Input\ArgvInput), Object(Symfony\Component\Console\Output\ConsoleOutput))
#19 /home/cabox/workspace/vendor/symfony/console/Application.php(186): Symfony\Component\Console\Application->doRunCommand(Object(Illuminate\Database\Console\Migrations\MigrateCommand), Object(Symfony\Component\Console\Input\ArgvInput), Object(Symfony\Component\Console\Output\ConsoleOutput))
#20 /home/cabox/workspace/vendor/symfony/console/Application.php(117): Symfony\Component\Console\Application->doRun(Object(Symfony\Component\Console\Input\ArgvInput), Object(Symfony\Component\Console\Output\ConsoleOutput))
#21 /home/cabox/workspace/vendor/laravel/framework/src/Illuminate/Foundation/Console/Kernel.php(107): Symfony\Component\Console\Application->run(Object(Symfony\Component\Console\Input\ArgvInput), Object(Symfony\Component\Console\Output\ConsoleOutput))
#22 /home/cabox/workspace/artisan(36): Illuminate\Foundation\Console\Kernel->handle(Object(Symfony\Component\Console\Input\ArgvInput), Object(Symfony\Component\Console\Output\ConsoleOutput))
#23 {main}  
[2017-12-01 23:59:53] local.ERROR: exception 'Symfony\Component\Debug\Exception\FatalErrorException' with message 'syntax error, unexpected 'public' (T_PUBLIC)' in /home/cabox/workspace/database/migrations/2017_12_01_234932_create_books_table.php:16
Stack trace:
#0 {main}  
[2017-12-02 00:00:30] local.ERROR: exception 'Symfony\Component\Debug\Exception\FatalErrorException' with message 'syntax error, unexpected 'public' (T_PUBLIC)' in /home/cabox/workspace/database/migrations/2017_12_01_234932_create_books_table.php:16
Stack trace:
#0 {main}  
[2017-12-02 00:01:08] local.ERROR: exception 'Symfony\Component\Debug\Exception\FatalErrorException' with message 'syntax error, unexpected 'public' (T_PUBLIC)' in /home/cabox/workspace/database/migrations/2017_12_01_234932_create_books_table.php:16
Stack trace:
#0 {main}  
[2017-12-02 00:36:08] local.ERROR: exception 'Symfony\Component\Debug\Exception\FatalErrorException' with message 'syntax error, unexpected 'Route' (T_STRING)' in /home/cabox/workspace/app/Http/routes.php:30
Stack trace:
#0 {main}  
[2017-12-02 00:36:20] local.ERROR: exception 'Symfony\Component\Debug\Exception\FatalErrorException' with message 'syntax error, unexpected 'Route' (T_STRING)' in /home/cabox/workspace/app/Http/routes.php:30
Stack trace:
#0 {main}  
[2017-12-05 16:11:05] local.ERROR: exception 'UnexpectedValueException' with message 'Invalid route action: [App\Http\Controllers\index]' in /home/cabox/workspace/vendor/laravel/framework/src/Illuminate/Routing/Route.php:548
Stack trace:
#0 /home/cabox/workspace/vendor/laravel/framework/src/Illuminate/Routing/Route.php(114): Illuminate\Routing\Route->parseAction(Array)
#1 /home/cabox/workspace/vendor/laravel/framework/src/Illuminate/Routing/Router.php(545): Illuminate\Routing\Route->__construct(Array, '/', Array)
#2 /home/cabox/workspace/vendor/laravel/framework/src/Illuminate/Routing/Router.php(521): Illuminate\Routing\Router->newRoute(Array, '/', Array)
#3 /home/cabox/workspace/vendor/laravel/framework/src/Illuminate/Routing/Router.php(499): Illuminate\Routing\Router->createRoute(Array, '/', 'index')
#4 /home/cabox/workspace/vendor/laravel/framework/src/Illuminate/Routing/Router.php(129): Illuminate\Routing\Router->addRoute(Array, '/', 'index')
#5 /home/cabox/workspace/vendor/laravel/framework/src/Illuminate/Support/Facades/Facade.php(221): Illuminate\Routing\Router->get('/', 'index')
#6 /home/cabox/workspace/app/Http/routes.php(20): Illuminate\Support\Facades\Facade::__callStatic('get', Array)
#7 /home/cabox/workspace/app/Http/routes.php(20): Illuminate\Support\Facades\Route::get('/', 'index')
#8 /home/cabox/workspace/app/Providers/RouteServiceProvider.php(41): require('/home/cabox/wor...')
#9 [internal function]: App\Providers\RouteServiceProvider->App\Providers\{closure}(Object(Illuminate\Routing\Router))
#10 /home/cabox/workspace/vendor/laravel/framework/src/Illuminate/Routing/Router.php(377): call_user_func(Object(Closure), Object(Illuminate\Routing\Router))
#11 /home/cabox/workspace/app/Providers/RouteServiceProvider.php(42): Illuminate\Routing\Router->group(Array, Object(Closure))
#12 [internal function]: App\Providers\RouteServiceProvider->map(Object(Illuminate\Routing\Router))
#13 /home/cabox/workspace/vendor/laravel/framework/src/Illuminate/Container/Container.php(507): call_user_func_array(Array, Array)
#14 /home/cabox/workspace/vendor/laravel/framework/src/Illuminate/Foundation/Support/Providers/RouteServiceProvider.php(72): Illuminate\Container\Container->call(Array)
#15 /home/cabox/workspace/vendor/laravel/framework/src/Illuminate/Foundation/Support/Providers/RouteServiceProvider.php(31): Illuminate\Foundation\Support\Providers\RouteServiceProvider->loadRoutes()
#16 /home/cabox/workspace/app/Providers/RouteServiceProvider.php(29): Illuminate\Foundation\Support\Providers\RouteServiceProvider->boot(Object(Illuminate\Routing\Router))
#17 [internal function]: App\Providers\RouteServiceProvider->boot(Object(Illuminate\Routing\Router))
#18 /home/cabox/workspace/vendor/laravel/framework/src/Illuminate/Container/Container.php(507): call_user_func_array(Array, Array)
#19 /home/cabox/workspace/vendor/laravel/framework/src/Illuminate/Foundation/Application.php(734): Illuminate\Container\Container->call(Array)
#20 /home/cabox/workspace/vendor/laravel/framework/src/Illuminate/Foundation/Application.php(717): Illuminate\Foundation\Application->bootProvider(Object(App\Providers\RouteServiceProvider))
#21 [internal function]: Illuminate\Foundation\Application->Illuminate\Foundation\{closure}(Object(App\Providers\RouteServiceProvider), 14)
#22 /home/cabox/workspace/vendor/laravel/framework/src/Illuminate/Foundation/Application.php(718): array_walk(Array, Object(Closure))
#23 /home/cabox/workspace/vendor/laravel/framework/src/Illuminate/Foundation/Bootstrap/BootProviders.php(17): Illuminate\Foundation\Application->boot()
#24 /home/cabox/workspace/vendor/laravel/framework/src/Illuminate/Foundation/Application.php(203): Illuminate\Foundation\Bootstrap\BootProviders->bootstrap(Object(Illuminate\Foundation\Application))
#25 /home/cabox/workspace/vendor/laravel/framework/src/Illuminate/Foundation/Console/Kernel.php(208): Illuminate\Foundation\Application->bootstrapWith(Array)
#26 /home/cabox/workspace/vendor/laravel/framework/src/Illuminate/Foundation/Console/Kernel.php(105): Illuminate\Foundation\Console\Kernel->bootstrap()
#27 /home/cabox/workspace/artisan(36): Illuminate\Foundation\Console\Kernel->handle(Object(Symfony\Component\Console\Input\ArgvInput), Object(Symfony\Component\Console\Output\ConsoleOutput))
#28 {main}  
[2017-12-05 16:12:41] local.ERROR: exception 'UnexpectedValueException' with message 'Invalid route action: [App\Http\Controllers\welcome]' in /home/cabox/workspace/vendor/laravel/framework/src/Illuminate/Routing/Route.php:548
Stack trace:
#0 /home/cabox/workspace/vendor/laravel/framework/src/Illuminate/Routing/Route.php(114): Illuminate\Routing\Route->parseAction(Array)
#1 /home/cabox/workspace/vendor/laravel/framework/src/Illuminate/Routing/Router.php(545): Illuminate\Routing\Route->__construct(Array, '/', Array)
#2 /home/cabox/workspace/vendor/laravel/framework/src/Illuminate/Routing/Router.php(521): Illuminate\Routing\Router->newRoute(Array, '/', Array)
#3 /home/cabox/workspace/vendor/laravel/framework/src/Illuminate/Routing/Router.php(499): Illuminate\Routing\Router->createRoute(Array, '/', 'welcome')
#4 /home/cabox/workspace/vendor/laravel/framework/src/Illuminate/Routing/Router.php(129): Illuminate\Routing\Router->addRoute(Array, '/', 'welcome')
#5 /home/cabox/workspace/vendor/laravel/framework/src/Illuminate/Support/Facades/Facade.php(221): Illuminate\Routing\Router->get('/', 'welcome')
#6 /home/cabox/workspace/app/Http/routes.php(20): Illuminate\Support\Facades\Facade::__callStatic('get', Array)
#7 /home/cabox/workspace/app/Http/routes.php(20): Illuminate\Support\Facades\Route::get('/', 'welcome')
#8 /home/cabox/workspace/app/Providers/RouteServiceProvider.php(41): require('/home/cabox/wor...')
#9 [internal function]: App\Providers\RouteServiceProvider->App\Providers\{closure}(Object(Illuminate\Routing\Router))
#10 /home/cabox/workspace/vendor/laravel/framework/src/Illuminate/Routing/Router.php(377): call_user_func(Object(Closure), Object(Illuminate\Routing\Router))
#11 /home/cabox/workspace/app/Providers/RouteServiceProvider.php(42): Illuminate\Routing\Router->group(Array, Object(Closure))
#12 [internal function]: App\Providers\RouteServiceProvider->map(Object(Illuminate\Routing\Router))
#13 /home/cabox/workspace/vendor/laravel/framework/src/Illuminate/Container/Container.php(507): call_user_func_array(Array, Array)
#14 /home/cabox/workspace/vendor/laravel/framework/src/Illuminate/Foundation/Support/Providers/RouteServiceProvider.php(72): Illuminate\Container\Container->call(Array)
#15 /home/cabox/workspace/vendor/laravel/framework/src/Illuminate/Foundation/Support/Providers/RouteServiceProvider.php(31): Illuminate\Foundation\Support\Providers\RouteServiceProvider->loadRoutes()
#16 /home/cabox/workspace/app/Providers/RouteServiceProvider.php(29): Illuminate\Foundation\Support\Providers\RouteServiceProvider->boot(Object(Illuminate\Routing\Router))
#17 [internal function]: App\Providers\RouteServiceProvider->boot(Object(Illuminate\Routing\Router))
#18 /home/cabox/workspace/vendor/laravel/framework/src/Illuminate/Container/Container.php(507): call_user_func_array(Array, Array)
#19 /home/cabox/workspace/vendor/laravel/framework/src/Illuminate/Foundation/Application.php(734): Illuminate\Container\Container->call(Array)
#20 /home/cabox/workspace/vendor/laravel/framework/src/Illuminate/Foundation/Application.php(717): Illuminate\Foundation\Application->bootProvider(Object(App\Providers\RouteServiceProvider))
#21 [internal function]: Illuminate\Foundation\Application->Illuminate\Foundation\{closure}(Object(App\Providers\RouteServiceProvider), 14)
#22 /home/cabox/workspace/vendor/laravel/framework/src/Illuminate/Foundation/Application.php(718): array_walk(Array, Object(Closure))
#23 /home/cabox/workspace/vendor/laravel/framework/src/Illuminate/Foundation/Bootstrap/BootProviders.php(17): Illuminate\Foundation\Application->boot()
#24 /home/cabox/workspace/vendor/laravel/framework/src/Illuminate/Foundation/Application.php(203): Illuminate\Foundation\Bootstrap\BootProviders->bootstrap(Object(Illuminate\Foundation\Application))
#25 /home/cabox/workspace/vendor/laravel/framework/src/Illuminate/Foundation/Console/Kernel.php(208): Illuminate\Foundation\Application->bootstrapWith(Array)
#26 /home/cabox/workspace/vendor/laravel/framework/src/Illuminate/Foundation/Console/Kernel.php(105): Illuminate\Foundation\Console\Kernel->bootstrap()
#27 /home/cabox/workspace/artisan(36): Illuminate\Foundation\Console\Kernel->handle(Object(Symfony\Component\Console\Input\ArgvInput), Object(Symfony\Component\Console\Output\ConsoleOutput))
#28 {main}  
